2022-12-28 11:44:51,511 - __main__ - INFO - Successfully parsed the config file ./config/config.yaml
2022-12-28 11:44:51,511 - __main__ - INFO - Successfully created the device with valves: {1: Valve(valve_id=1, zone='backyard top', qos=2, gpio_pin=32, stat=<Status.OFF: 'OFF'>), 2: Valve(valve_id=2, zone='backyard back', qos=2, gpio_pin=24, stat=<Status.OFF: 'OFF'>), 3: Valve(valve_id=3, zone='backyard main', qos=2, gpio_pin=44, stat=<Status.OFF: 'OFF'>), 4: Valve(valve_id=4, zone='front yard', qos=2, gpio_pin=24, stat=<Status.OFF: 'OFF'>)}
2022-12-28 11:44:51,600 - devices - INFO - Messgae received. Topic: valve_1, payload: b'OFF'
2022-12-28 11:44:51,600 - devices - INFO - Successfully changes the status of valve 1 to Status.OFF
2023-01-01 17:40:54,380 - __main__ - INFO - Successfully parsed the config file config/config.yaml
2023-01-01 17:40:54,380 - __main__ - INFO - Successfully created the device with valves: {1: Valve(valve_id=1, zone='backyard top', qos=2, gpio_pin=32, stat=<Status.OFF: 'OFF'>), 2: Valve(valve_id=2, zone='backyard back', qos=2, gpio_pin=24, stat=<Status.OFF: 'OFF'>), 3: Valve(valve_id=3, zone='backyard main', qos=2, gpio_pin=44, stat=<Status.OFF: 'OFF'>), 4: Valve(valve_id=4, zone='front yard', qos=2, gpio_pin=24, stat=<Status.OFF: 'OFF'>)}
2023-01-01 17:41:47,346 - __main__ - INFO - Successfully parsed the config file config/config.yaml
2023-01-01 17:41:47,346 - __main__ - INFO - Successfully created the device with valves: {1: Valve(valve_id=1, zone='backyard top', qos=2, gpio_pin=32, stat=<Status.OFF: 'OFF'>), 2: Valve(valve_id=2, zone='backyard back', qos=2, gpio_pin=24, stat=<Status.OFF: 'OFF'>), 3: Valve(valve_id=3, zone='backyard main', qos=2, gpio_pin=44, stat=<Status.OFF: 'OFF'>), 4: Valve(valve_id=4, zone='front yard', qos=2, gpio_pin=24, stat=<Status.OFF: 'OFF'>)}
2023-01-01 17:41:47,816 - devices - INFO - Messgae received. Topic: valve_1, payload: b'ON'
2023-01-01 17:41:47,816 - devices - INFO - Successfully changes the status of valve 1 to Status.ON
2023-01-01 17:41:50,579 - devices - INFO - Messgae received. Topic: valve_1, payload: b'OFF'
2023-01-01 17:41:50,579 - devices - INFO - Successfully changes the status of valve 1 to Status.OFF
2023-01-01 17:41:52,346 - devices - INFO - Messgae received. Topic: valve_1, payload: b'ON'
2023-01-01 17:41:52,346 - devices - INFO - Successfully changes the status of valve 1 to Status.ON
2023-01-01 17:41:54,052 - devices - INFO - Messgae received. Topic: valve_1, payload: b'OFF'
2023-01-01 17:41:54,052 - devices - INFO - Successfully changes the status of valve 1 to Status.OFF
2023-01-01 17:41:55,142 - devices - INFO - Messgae received. Topic: valve_1, payload: b'ON'
2023-01-01 17:41:55,142 - devices - INFO - Successfully changes the status of valve 1 to Status.ON
2023-01-01 17:42:05,534 - devices - INFO - Messgae received. Topic: valve_1, payload: b'OFF'
2023-01-01 17:42:05,549 - devices - INFO - Successfully changes the status of valve 1 to Status.OFF
2023-01-01 17:42:07,084 - devices - INFO - Messgae received. Topic: valve_1, payload: b'ON'
2023-01-01 17:42:07,084 - devices - INFO - Successfully changes the status of valve 1 to Status.ON
2023-01-01 17:42:09,058 - devices - INFO - Messgae received. Topic: valve_1, payload: b'OFF'
2023-01-01 17:42:09,058 - devices - INFO - Successfully changes the status of valve 1 to Status.OFF
2023-01-01 17:44:43,712 - __main__ - INFO - Successfully parsed the config file config/config.yaml
2023-01-01 17:44:43,712 - __main__ - INFO - Successfully created the device with valves: {1: Valve(valve_id=1, zone='backyard top', qos=2, gpio_pin=32, stat=<Status.OFF: 'OFF'>), 2: Valve(valve_id=2, zone='backyard back', qos=2, gpio_pin=24, stat=<Status.OFF: 'OFF'>), 3: Valve(valve_id=3, zone='backyard main', qos=2, gpio_pin=44, stat=<Status.OFF: 'OFF'>), 4: Valve(valve_id=4, zone='front yard', qos=2, gpio_pin=24, stat=<Status.OFF: 'OFF'>)}
2023-01-01 17:44:44,141 - devices - INFO - Messgae received. Topic: valve_1, payload: b'OFF'
2023-01-01 17:44:44,141 - devices - INFO - Successfully changes the status of valve 1 to Status.OFF
2023-01-01 17:44:48,431 - devices - INFO - Messgae received. Topic: valve_1, payload: b'ON'
2023-01-01 17:44:48,431 - devices - INFO - Successfully changes the status of valve 1 to Status.ON
2023-01-01 17:44:49,940 - devices - INFO - Messgae received. Topic: valve_1, payload: b'OFF'
2023-01-01 17:44:49,940 - devices - INFO - Successfully changes the status of valve 1 to Status.OFF
2023-01-01 17:44:51,459 - devices - INFO - Messgae received. Topic: valve_1, payload: b'ON'
2023-01-01 17:44:51,459 - devices - INFO - Successfully changes the status of valve 1 to Status.ON
2023-01-01 17:44:52,660 - devices - INFO - Messgae received. Topic: valve_1, payload: b'OFF'
2023-01-01 17:44:52,661 - devices - INFO - Successfully changes the status of valve 1 to Status.OFF
2023-01-01 17:46:42,194 - __main__ - INFO - Successfully parsed the config file config/config.yaml
2023-01-01 17:46:42,194 - __main__ - INFO - Successfully created the device with valves: {1: Valve(valve_id=1, zone='backyard top', qos=2, gpio_pin=32, _Valve__stat=<Status.OFF: 'OFF'>), 2: Valve(valve_id=2, zone='backyard back', qos=2, gpio_pin=24, _Valve__stat=<Status.OFF: 'OFF'>), 3: Valve(valve_id=3, zone='backyard main', qos=2, gpio_pin=44, _Valve__stat=<Status.OFF: 'OFF'>), 4: Valve(valve_id=4, zone='front yard', qos=2, gpio_pin=24, _Valve__stat=<Status.OFF: 'OFF'>)}
2023-01-01 17:46:42,631 - devices - INFO - Messgae received. Topic: valve_1, payload: b'OFF'
2023-01-01 17:48:18,367 - __main__ - INFO - Successfully parsed the config file config/config.yaml
2023-01-01 17:48:18,367 - __main__ - INFO - Successfully created the device with valves: {1: Valve(valve_id=1, zone='backyard top', qos=2, gpio_pin=32, _Valve__stat=<Status.OFF: 'OFF'>), 2: Valve(valve_id=2, zone='backyard back', qos=2, gpio_pin=24, _Valve__stat=<Status.OFF: 'OFF'>), 3: Valve(valve_id=3, zone='backyard main', qos=2, gpio_pin=44, _Valve__stat=<Status.OFF: 'OFF'>), 4: Valve(valve_id=4, zone='front yard', qos=2, gpio_pin=24, _Valve__stat=<Status.OFF: 'OFF'>)}
2023-01-01 17:49:36,849 - __main__ - INFO - Successfully parsed the config file config/config.yaml
2023-01-01 17:49:36,849 - __main__ - INFO - Successfully created the device with valves: {1: Valve(valve_id=1, zone='backyard top', qos=2, gpio_pin=32, _Valve__stat=<Status.OFF: 'OFF'>), 2: Valve(valve_id=2, zone='backyard back', qos=2, gpio_pin=24, _Valve__stat=<Status.OFF: 'OFF'>), 3: Valve(valve_id=3, zone='backyard main', qos=2, gpio_pin=44, _Valve__stat=<Status.OFF: 'OFF'>), 4: Valve(valve_id=4, zone='front yard', qos=2, gpio_pin=24, _Valve__stat=<Status.OFF: 'OFF'>)}
2023-01-01 17:49:37,351 - devices - INFO - Messgae received. Topic: valve_1, payload: b'OFF'
2023-01-01 17:50:43,068 - __main__ - INFO - Successfully parsed the config file config/config.yaml
2023-01-01 17:50:43,068 - __main__ - INFO - Successfully created the device with valves: {1: Valve(valve_id=1, zone='backyard top', qos=2, gpio_pin=32, _Valve__stat=<Status.OFF: 'OFF'>), 2: Valve(valve_id=2, zone='backyard back', qos=2, gpio_pin=24, _Valve__stat=<Status.OFF: 'OFF'>), 3: Valve(valve_id=3, zone='backyard main', qos=2, gpio_pin=44, _Valve__stat=<Status.OFF: 'OFF'>), 4: Valve(valve_id=4, zone='front yard', qos=2, gpio_pin=24, _Valve__stat=<Status.OFF: 'OFF'>)}
2023-01-01 17:50:43,474 - devices - INFO - Messgae received. Topic: valve_1, payload: b'OFF'
2023-01-01 17:50:43,475 - devices - INFO - Successfully changes the status of valve 1 to Status.OFF
2023-01-01 17:50:44,779 - devices - INFO - Messgae received. Topic: valve_1, payload: b'ON'
2023-01-01 17:50:44,779 - devices - INFO - Successfully changes the status of valve 1 to Status.ON
2023-01-01 17:50:45,982 - devices - INFO - Messgae received. Topic: valve_1, payload: b'OFF'
2023-01-01 17:50:45,982 - devices - INFO - Successfully changes the status of valve 1 to Status.OFF
2023-01-01 17:50:47,362 - devices - INFO - Messgae received. Topic: valve_1, payload: b'ON'
2023-01-01 17:50:47,362 - devices - INFO - Successfully changes the status of valve 1 to Status.ON
2023-01-01 17:50:48,310 - devices - INFO - Messgae received. Topic: valve_1, payload: b'OFF'
2023-01-01 17:50:48,310 - devices - INFO - Successfully changes the status of valve 1 to Status.OFF
2023-01-01 17:51:55,663 - __main__ - INFO - Successfully parsed the config file config/config.yaml
2023-01-01 17:51:55,663 - __main__ - INFO - Successfully created the device with valves: {1: Valve(valve_id=1, zone='backyard top', qos=2, gpio_pin=32, _Valve__stat=<Status.OFF: 'OFF'>), 2: Valve(valve_id=2, zone='backyard back', qos=2, gpio_pin=24, _Valve__stat=<Status.OFF: 'OFF'>), 3: Valve(valve_id=3, zone='backyard main', qos=2, gpio_pin=44, _Valve__stat=<Status.OFF: 'OFF'>), 4: Valve(valve_id=4, zone='front yard', qos=2, gpio_pin=24, _Valve__stat=<Status.OFF: 'OFF'>)}
2023-01-01 17:51:56,038 - devices - INFO - Messgae received. Topic: valve_1, payload: b'ON'
2023-01-01 17:51:56,038 - devices - INFO - Successfully changes the status of valve 1 to Status.ON
2023-01-01 17:51:57,770 - devices - INFO - Messgae received. Topic: valve_1, payload: b'OFF'
2023-01-01 17:51:57,770 - devices - INFO - Successfully changes the status of valve 1 to Status.OFF
2023-01-01 17:51:59,520 - devices - INFO - Messgae received. Topic: valve_1, payload: b'ON'
2023-01-01 17:51:59,520 - devices - INFO - Successfully changes the status of valve 1 to Status.ON
2023-01-01 17:52:00,277 - devices - INFO - Messgae received. Topic: valve_1, payload: b'OFF'
2023-01-01 17:52:00,277 - devices - INFO - Successfully changes the status of valve 1 to Status.OFF
